<?xml version="1.0" encoding="UTF-8"?>
<!-- Generated by org.testng.reporters.JUnitXMLReporter -->
<testsuite ignored="1" hostname="LAPTOP-L86JNH65" failures="0" tests="1" name="Default test" time="4.097" errors="0" timestamp="2023-01-09T18:27:26 IST">
  <testcase classname="Basic_RestAssuredTests.PATCHandDELETERequestTest" name="DeleteRequestCheck" time="4.031"/>
  <testcase classname="Basic_RestAssuredTests.PATCHandDELETERequestTest" name="PatchRequestCheck" time="0.0">
    <ignored/>
  </testcase> <!-- PatchRequestCheck -->
</testsuite> <!-- Default test -->
